Build started 20-12-2011 23:21:04.
     1>Project "C:\GIT\GitHub\Onymity\Onymity Cpp test\Onymity Cpp test.vcxproj" on node 3 (build target(s)).
     1>InitializeBuildStatus:
         Creating "Debug\Onymity Cpp test.unsuccessfulbuild" because "AlwaysCreate" was specified.
       ClCompile:
         C:\Program Files (x86)\Microsoft Visual Studio 10.0\VC\bin\CL.exe /c /ZI /nologo /W3 /WX- /Od /Oy- /D WIN32 /D _DEBUG /D _CONSOLE /D _UNICODE /D UNICODE /Gm /EHsc /RTC1 /MDd /GS /fp:precise /Zc:wchar_t /Zc:forScope /Fo"Debug\\" /Fd"Debug\vc100.pdb" /Gd /TP /analyze- /errorReport:prompt main.cpp
         main.cpp
     1>c:\git\github\onymity\onymity cpp test\main.cpp(29): error C2473: 'text' : looks like a function definition, but there is no parameter list.
     1>c:\git\github\onymity\onymity cpp test\main.cpp(30): error C4430: missing type specifier - int assumed. Note: C++ does not support default-int
     1>c:\git\github\onymity\onymity cpp test\main.cpp(30): error C2473: 'get' : looks like a function definition, but there is no parameter list.
     1>c:\git\github\onymity\onymity cpp test\main.cpp(30): error C2059: syntax error : 'return'
     1>c:\git\github\onymity\onymity cpp test\main.cpp(30): error C2238: unexpected token(s) preceding ';'
     1>c:\git\github\onymity\onymity cpp test\main.cpp(31): error C2470: 'set' : looks like a function definition, but there is no parameter list; skipping apparent body
     1>c:\git\github\onymity\onymity cpp test\main.cpp(32): error C2059: syntax error : '}'
     1>c:\git\github\onymity\onymity cpp test\main.cpp(32): error C2143: syntax error : missing ';' before '}'
     1>c:\git\github\onymity\onymity cpp test\main.cpp(32): error C2059: syntax error : '}'
     1>c:\git\github\onymity\onymity cpp test\main.cpp(33): error C2143: syntax error : missing ';' before '}'
     1>c:\git\github\onymity\onymity cpp test\main.cpp(33): error C2059: syntax error : '}'
     1>Done Building Project "C:\GIT\GitHub\Onymity\Onymity Cpp test\Onymity Cpp test.vcxproj" (build target(s)) -- FAILED.

Build FAILED.

Time Elapsed 00:00:00.74
